\BOOKMARK [1][]{section.2}{1 Introduction}{}% 1
\BOOKMARK [2][]{subsection.3}{1.1 Motivation}{section.2}% 2
\BOOKMARK [2][]{subsection.4}{1.2 Objectives}{section.2}% 3
\BOOKMARK [1][]{section.6}{2 Background}{}% 4
\BOOKMARK [2][]{subsection.7}{2.1 Traditional Banking}{section.6}% 5
\BOOKMARK [3][]{subsubsection.8}{2.1.1 Financial Instruments}{subsection.7}% 6
\BOOKMARK [3][]{subsubsection.9}{2.1.2 Life Cycle of a Trade}{subsection.7}% 7
\BOOKMARK [3][]{subsubsection.11}{2.1.3 Risks and Bottlenecks}{subsection.7}% 8
\BOOKMARK [2][]{subsection.13}{2.2 Requirements}{section.6}% 9
\BOOKMARK [2][]{subsection.14}{2.3 Distributed Ledgers}{section.6}% 10
\BOOKMARK [3][]{subsubsection.15}{2.3.1 Proof of Work versus Proof of Stake}{subsection.14}% 11
\BOOKMARK [2][]{subsection.16}{2.4 Available systems}{section.6}% 12
\BOOKMARK [3][]{subsubsection.17}{2.4.1 Some insufficient solutions}{subsection.16}% 13
\BOOKMARK [3][]{subsubsection.18}{2.4.2 BitShares and Stellar}{subsection.16}% 14
\BOOKMARK [3][]{subsubsection.19}{2.4.3 Ripple}{subsection.16}% 15
\BOOKMARK [3][]{subsubsection.21}{2.4.4 Corda}{subsection.16}% 16
\BOOKMARK [1][]{section.25}{3 Design and Implementation}{}% 17
\BOOKMARK [2][]{subsection.26}{3.1 Network pre-analysis}{section.25}% 18
\BOOKMARK [2][]{subsection.30}{3.2 Load testing}{section.25}% 19
\BOOKMARK [1][]{section.31}{4 Timeline}{}% 20
\BOOKMARK [1][]{section.32}{5 Evaluation}{}% 21
\BOOKMARK [1][]{section.33}{6 Bibliography}{}% 22
