\BOOKMARK [1][]{section.2}{1 Introduction}{}% 1
\BOOKMARK [2][]{subsection.3}{1.1 Motivation}{section.2}% 2
\BOOKMARK [2][]{subsection.7}{1.2 Objectives}{section.2}% 3
\BOOKMARK [2][]{subsection.8}{1.3 Contributions}{section.2}% 4
\BOOKMARK [1][]{section.17}{2 Background}{}% 5
\BOOKMARK [2][]{subsection.18}{2.1 Traditional Banking}{section.17}% 6
\BOOKMARK [3][]{subsubsection.19}{2.1.1 Financial Instruments}{subsection.18}% 7
\BOOKMARK [3][]{subsubsection.20}{2.1.2 Life Cycle of a Trade}{subsection.18}% 8
\BOOKMARK [3][]{subsubsection.23}{2.1.3 Clearing Houses}{subsection.18}% 9
\BOOKMARK [3][]{subsubsection.24}{2.1.4 Risks and Bottlenecks}{subsection.18}% 10
\BOOKMARK [3][]{subsubsection.26}{2.1.5 Regulations}{subsection.18}% 11
\BOOKMARK [2][]{subsection.28}{2.2 Requirements}{section.17}% 12
\BOOKMARK [2][]{subsection.29}{2.3 Distributed Ledgers}{section.17}% 13
\BOOKMARK [3][]{subsubsection.30}{2.3.1 Proof of Work versus Proof of Stake}{subsection.29}% 14
\BOOKMARK [2][]{subsection.31}{2.4 Available systems}{section.17}% 15
\BOOKMARK [3][]{subsubsection.32}{2.4.1 Some insufficient solutions}{subsection.31}% 16
\BOOKMARK [3][]{subsubsection.33}{2.4.2 BitShares and Stellar}{subsection.31}% 17
\BOOKMARK [3][]{subsubsection.35}{2.4.3 Ripple and Ethereum}{subsection.31}% 18
\BOOKMARK [3][]{subsubsection.37}{2.4.4 Corda}{subsection.31}% 19
\BOOKMARK [1][]{section.66}{3 Overall design}{}% 20
\BOOKMARK [1][]{section.69}{4 Implementation}{}% 21
\BOOKMARK [2][]{subsection.70}{4.1 The ShareContract}{section.69}% 22
\BOOKMARK [2][]{subsection.129}{4.2 The flows}{section.69}% 23
\BOOKMARK [3][]{subsubsection.156}{4.2.1 The Issuer Flow}{subsection.129}% 24
\BOOKMARK [3][]{subsubsection.173}{4.2.2 The TwoPartyTrade, Buyer and Seller Flows}{subsection.129}% 25
\BOOKMARK [3][]{subsubsection.176}{4.2.3 The Buyer and Seller Transfer Flows}{subsection.129}% 26
\BOOKMARK [3][]{subsubsection.285}{4.2.4 The Signing Flow}{subsection.129}% 27
\BOOKMARK [3][]{subsubsection.286}{4.2.5 The History Flow}{subsection.129}% 28
\BOOKMARK [2][]{subsection.295}{4.3 The Vault}{section.69}% 29
\BOOKMARK [3][]{subsubsection.296}{4.3.1 Querying the vault}{subsection.295}% 30
\BOOKMARK [3][]{subsubsection.298}{4.3.2 Share spending}{subsection.295}% 31
\BOOKMARK [2][]{subsection.362}{4.4 Gradle generalisations}{section.69}% 32
\BOOKMARK [2][]{subsection.390}{4.5 The web interface}{section.69}% 33
\BOOKMARK [1][]{section.412}{5 Applications}{}% 34
\BOOKMARK [2][]{subsection.413}{5.1 The Distributed web system}{section.412}% 35
\BOOKMARK [2][]{subsection.421}{5.2 The Random distributed marketplace}{section.412}% 36
\BOOKMARK [2][]{subsection.424}{5.3 The on-the-fly node addition}{section.412}% 37
\BOOKMARK [1][]{section.425}{6 Evaluation}{}% 38
\BOOKMARK [2][]{subsection.426}{6.1 Nodes}{section.425}% 39
\BOOKMARK [3][]{subsubsection.427}{6.1.1 Network}{subsection.426}% 40
\BOOKMARK [3][]{subsubsection.429}{6.1.2 Nodes and vaults}{subsection.426}% 41
\BOOKMARK [3][]{subsubsection.433}{6.1.3 Zombie nodes}{subsection.426}% 42
\BOOKMARK [2][]{subsection.434}{6.2 Flows}{section.425}% 43
\BOOKMARK [2][]{subsection.435}{6.3 Cash and asset issuers}{section.425}% 44
\BOOKMARK [2][]{subsection.454}{6.4 Performance}{section.425}% 45
\BOOKMARK [3][]{subsubsection.455}{6.4.1 Nodes}{subsection.454}% 46
\BOOKMARK [3][]{subsubsection.457}{6.4.2 Transactions}{subsection.454}% 47
\BOOKMARK [2][]{subsection.460}{6.5 Security}{section.425}% 48
\BOOKMARK [3][]{subsubsection.461}{6.5.1 Transactions and Notarisation}{subsection.460}% 49
\BOOKMARK [3][]{subsubsection.462}{6.5.2 Web}{subsection.460}% 50
\BOOKMARK [3][]{subsubsection.463}{6.5.3 Regulations}{subsection.460}% 51
\BOOKMARK [1][]{section.465}{7 Future work}{}% 52
\BOOKMARK [2][]{subsection.466}{7.1 Industry challenges}{section.465}% 53
\BOOKMARK [1][]{section.467}{8 Conclusion}{}% 54
\BOOKMARK [1][]{section*.468}{References}{}% 55
\BOOKMARK [1][]{section*.469}{User Guide}{}% 56
\BOOKMARK [1][]{section*.472}{Appendix}{}% 57
